{"C:\\Users\\320097834\\Documents\\TDCTransformation\\taximeter_old.js": {"path":"C:\\Users\\320097834\\Documents\\TDCTransformation\\taximeter_old.js","statementMap":{"0":{"start":{"line":1,"column":23},"end":{"line":1,"column":26}},"1":{"start":{"line":2,"column":20},"end":{"line":2,"column":21}},"2":{"start":{"line":3,"column":20},"end":{"line":3,"column":21}},"3":{"start":{"line":4,"column":24},"end":{"line":4,"column":26}},"4":{"start":{"line":5,"column":22},"end":{"line":5,"column":23}},"5":{"start":{"line":6,"column":20},"end":{"line":6,"column":21}},"6":{"start":{"line":9,"column":22},"end":{"line":13,"column":1}},"7":{"start":{"line":10,"column":4},"end":{"line":10,"column":60}},"8":{"start":{"line":10,"column":27},"end":{"line":10,"column":60}},"9":{"start":{"line":11,"column":4},"end":{"line":11,"column":54}},"10":{"start":{"line":11,"column":24},"end":{"line":11,"column":54}},"11":{"start":{"line":12,"column":4},"end":{"line":12,"column":34}},"12":{"start":{"line":15,"column":20},"end":{"line":17,"column":1}},"13":{"start":{"line":16,"column":4},"end":{"line":16,"column":78}},"14":{"start":{"line":19,"column":17},"end":{"line":21,"column":1}},"15":{"start":{"line":20,"column":4},"end":{"line":20,"column":41}},"16":{"start":{"line":23,"column":0},"end":{"line":25,"column":2}}},"fnMap":{"0":{"name":"(anonymous_0)","decl":{"start":{"line":9,"column":22},"end":{"line":9,"column":23}},"loc":{"start":{"line":9,"column":47},"end":{"line":13,"column":1}},"line":9},"1":{"name":"(anonymous_1)","decl":{"start":{"line":15,"column":20},"end":{"line":15,"column":21}},"loc":{"start":{"line":15,"column":36},"end":{"line":17,"column":1}},"line":15},"2":{"name":"(anonymous_2)","decl":{"start":{"line":19,"column":17},"end":{"line":19,"column":18}},"loc":{"start":{"line":19,"column":33},"end":{"line":21,"column":1}},"line":19}},"branchMap":{"0":{"loc":{"start":{"line":10,"column":4},"end":{"line":10,"column":60}},"type":"if","locations":[{"start":{"line":10,"column":4},"end":{"line":10,"column":60}},{"start":{"line":10,"column":4},"end":{"line":10,"column":60}}],"line":10},"1":{"loc":{"start":{"line":11,"column":4},"end":{"line":11,"column":54}},"type":"if","locations":[{"start":{"line":11,"column":4},"end":{"line":11,"column":54}},{"start":{"line":11,"column":4},"end":{"line":11,"column":54}}],"line":11},"2":{"loc":{"start":{"line":16,"column":11},"end":{"line":16,"column":77}},"type":"binary-expr","locations":[{"start":{"line":16,"column":11},"end":{"line":16,"column":44}},{"start":{"line":16,"column":48},"end":{"line":16,"column":77}}],"line":16}},"s":{"0":1,"1":1,"2":1,"3":1,"4":1,"5":1,"6":1,"7":3,"8":1,"9":2,"10":1,"11":1,"12":1,"13":3,"14":1,"15":2,"16":1},"f":{"0":3,"1":3,"2":2},"b":{"0":[1,2],"1":[1,1],"2":[3,2]},"_coverageSchema":"1a1c01bbd47fc00a2c39e90264f33305004495a9","hash":"2f9908bfe4d42aa14f2e64c2ce8e8e6239c79094"}
}
